<?xml version="1.0" encoding="UTF-8"?>
<!-- Generated by org.testng.reporters.JUnitReportReporter -->
<testsuite hostname="LAPTOP-QABJA5J6" failures="0" tests="2" name="Keys.KeysTest" time="0.752" errors="0" timestamp="31 ene. 2023 01:50:42 GMT" skipped="0">
  <testcase classname="Keys.KeysTest" name="tesPi" time="0.391"/>
  <testcase classname="Keys.KeysTest" name="testBackSpace" time="0.361"/>
</testsuite> <!-- Keys.KeysTest -->
