<?xml version="1.0" encoding="UTF-8"?>
<!-- Generated by org.testng.reporters.JUnitReportReporter -->
<testsuite hostname="LAPTOP-QABJA5J6" failures="0" tests="1" name="JavaScript.JavaScriptTest" time="0.117" errors="0" timestamp="31 ene. 2023 01:50:42 GMT" skipped="0">
  <testcase classname="JavaScript.JavaScriptTest" name="testScrollTable" time="0.117"/>
</testsuite> <!-- JavaScript.JavaScriptTest -->
