<?xml version="1.0" encoding="UTF-8"?>
<!-- Generated by org.testng.reporters.JUnitReportReporter -->
<testsuite hostname="LAPTOP-QABJA5J6" failures="0" tests="1" name="login.LoginTest" time="0.846" errors="0" timestamp="31 ene. 2023 01:50:42 GMT" skipped="0">
  <testcase classname="login.LoginTest" name="testSuccessfullLogin" time="0.846"/>
</testsuite> <!-- login.LoginTest -->
