<?xml version="1.0" encoding="UTF-8"?>
<!-- Generated by org.testng.reporters.JUnitReportReporter -->
<testsuite hostname="LAPTOP-QABJA5J6" failures="0" tests="1" name="dropdown.DropdownTest" time="0.124" errors="0" timestamp="31 ene. 2023 01:50:42 GMT" skipped="0">
  <testcase classname="dropdown.DropdownTest" name="testSelectOption" time="0.124"/>
</testsuite> <!-- dropdown.DropdownTest -->
