<?xml version="1.0" encoding="UTF-8"?>
<!-- Generated by org.testng.reporters.JUnitReportReporter -->
<testsuite hostname="LAPTOP-QABJA5J6" failures="0" tests="1" name="alerts.AlertsTest" time="0.545" errors="0" timestamp="31 ene. 2023 16:45:23 GMT" skipped="0">
  <testcase classname="alerts.AlertsTest" name="testAcceptAlert" time="0.545"/>
</testsuite> <!-- alerts.AlertsTest -->
